2020-11-17 00:00:00.147  INFO 1664 --- [main] com.example.demo.TpcrudApplication       : Starting TpcrudApplication using Java 1.8.0_251 on DESKTOP-LEUUDI2 with PID 1664 (C:\Users\fedi\Documents\workspace-sts-3.8.4.RELEASE\tpcrud\target\classes started by fedi in C:\Users\fedi\Documents\workspace-sts-3.8.4.RELEASE\tpcrud)
2020-11-17 00:00:00.155  INFO 1664 --- [main] com.example.demo.TpcrudApplication       : No active profile set, falling back to default profiles: default
2020-11-17 00:00:00.839  INFO 1664 --- [main] .s.d.r.c.RepositoryConfigurationDelegate : Bootstrapping Spring Data JPA repositories in DEFERRED mode.
2020-11-17 00:00:00.856  INFO 1664 --- [main] .s.d.r.c.RepositoryConfigurationDelegate : Finished Spring Data repository scanning in 7 ms. Found 0 JPA repository interfaces.
2020-11-17 00:00:01.465  INFO 1664 --- [main] o.s.b.w.embedded.tomcat.TomcatWebServer  : Tomcat initialized with port(s): 8081 (http)
2020-11-17 00:00:01.478  INFO 1664 --- [main] o.apache.catalina.core.StandardService   : Starting service [Tomcat]
2020-11-17 00:00:01.478  INFO 1664 --- [main] org.apache.catalina.core.StandardEngine  : Starting Servlet engine: [Apache Tomcat/9.0.39]
2020-11-17 00:00:01.610  INFO 1664 --- [main] o.a.c.c.C.[.[localhost].[/SpringMVC]     : Initializing Spring embedded WebApplicationContext
2020-11-17 00:00:01.611  INFO 1664 --- [main] w.s.c.ServletWebServerApplicationContext : Root WebApplicationContext: initialization completed in 1392 ms
2020-11-17 00:00:01.820  INFO 1664 --- [main] o.s.s.concurrent.ThreadPoolTaskExecutor  : Initializing ExecutorService 'applicationTaskExecutor'
2020-11-17 00:00:01.871  INFO 1664 --- [task-1] o.hibernate.jpa.internal.util.LogHelper  : HHH000204: Processing PersistenceUnitInfo [name: default]
2020-11-17 00:00:01.914  WARN 1664 --- [main] JpaBaseConfiguration$JpaWebConfiguration : spring.jpa.open-in-view is enabled by default. Therefore, database queries may be performed during view rendering. Explicitly configure spring.jpa.open-in-view to disable this warning
2020-11-17 00:00:01.938  INFO 1664 --- [task-1] org.hibernate.Version                    : HHH000412: Hibernate ORM core version 5.4.23.Final
2020-11-17 00:00:02.123  INFO 1664 --- [task-1] o.hibernate.annotations.common.Version   : HCANN000001: Hibernate Commons Annotations {5.1.2.Final}
2020-11-17 00:00:02.276  INFO 1664 --- [task-1] com.zaxxer.hikari.HikariDataSource       : HikariPool-1 - Starting...
2020-11-17 00:00:02.481  INFO 1664 --- [main] o.s.b.w.embedded.tomcat.TomcatWebServer  : Tomcat started on port(s): 8081 (http) with context path '/SpringMVC'
2020-11-17 00:00:02.485  INFO 1664 --- [main] DeferredRepositoryInitializationListener : Triggering deferred initialization of Spring Data repositories…
2020-11-17 00:00:02.486  INFO 1664 --- [main] DeferredRepositoryInitializationListener : Spring Data repositories initialized!
2020-11-17 00:00:02.502  INFO 1664 --- [main] com.example.demo.TpcrudApplication       : Started TpcrudApplication in 2.801 seconds (JVM running for 3.899)
2020-11-17 00:00:02.659  INFO 1664 --- [task-1] com.zaxxer.hikari.HikariDataSource       : HikariPool-1 - Start completed.
2020-11-17 00:00:02.675  INFO 1664 --- [task-1] org.hibernate.dialect.Dialect            : HHH000400: Using dialect: org.hibernate.dialect.MySQL5Dialect
2020-11-17 00:00:02.928  INFO 1664 --- [task-1] o.h.e.t.j.p.i.JtaPlatformInitiator       : HHH000490: Using JtaPlatform implementation: [org.hibernate.engine.transaction.jta.platform.internal.NoJtaPlatform]
2020-11-17 00:00:02.941  INFO 1664 --- [task-1] j.LocalContainerEntityManagerFactoryBean : Initialized JPA EntityManagerFactory for persistence unit 'default'
2020-11-17 00:07:28.461  INFO 7020 --- [main] com.example.demo.TpcrudApplication       : Starting TpcrudApplication using Java 1.8.0_251 on DESKTOP-LEUUDI2 with PID 7020 (C:\Users\fedi\Documents\workspace-sts-3.8.4.RELEASE\tpcrud\target\classes started by fedi in C:\Users\fedi\Documents\workspace-sts-3.8.4.RELEASE\tpcrud)
2020-11-17 00:07:28.465  INFO 7020 --- [main] com.example.demo.TpcrudApplication       : No active profile set, falling back to default profiles: default
2020-11-17 00:07:29.141  INFO 7020 --- [main] .s.d.r.c.RepositoryConfigurationDelegate : Bootstrapping Spring Data JPA repositories in DEFERRED mode.
2020-11-17 00:07:29.156  INFO 7020 --- [main] .s.d.r.c.RepositoryConfigurationDelegate : Finished Spring Data repository scanning in 6 ms. Found 0 JPA repository interfaces.
2020-11-17 00:07:29.658  INFO 7020 --- [main] o.s.b.w.embedded.tomcat.TomcatWebServer  : Tomcat initialized with port(s): 8081 (http)
2020-11-17 00:07:29.669  INFO 7020 --- [main] o.apache.catalina.core.StandardService   : Starting service [Tomcat]
2020-11-17 00:07:29.669  INFO 7020 --- [main] org.apache.catalina.core.StandardEngine  : Starting Servlet engine: [Apache Tomcat/9.0.39]
2020-11-17 00:07:29.779  INFO 7020 --- [main] o.a.c.c.C.[.[localhost].[/SpringMVC]     : Initializing Spring embedded WebApplicationContext
2020-11-17 00:07:29.779  INFO 7020 --- [main] w.s.c.ServletWebServerApplicationContext : Root WebApplicationContext: initialization completed in 1249 ms
2020-11-17 00:07:29.945  INFO 7020 --- [main] o.s.s.concurrent.ThreadPoolTaskExecutor  : Initializing ExecutorService 'applicationTaskExecutor'
2020-11-17 00:07:29.984  INFO 7020 --- [task-1] o.hibernate.jpa.internal.util.LogHelper  : HHH000204: Processing PersistenceUnitInfo [name: default]
2020-11-17 00:07:30.015  WARN 7020 --- [main] JpaBaseConfiguration$JpaWebConfiguration : spring.jpa.open-in-view is enabled by default. Therefore, database queries may be performed during view rendering. Explicitly configure spring.jpa.open-in-view to disable this warning
2020-11-17 00:07:30.033  INFO 7020 --- [task-1] org.hibernate.Version                    : HHH000412: Hibernate ORM core version 5.4.23.Final
2020-11-17 00:07:30.178  INFO 7020 --- [task-1] o.hibernate.annotations.common.Version   : HCANN000001: Hibernate Commons Annotations {5.1.2.Final}
2020-11-17 00:07:30.295  INFO 7020 --- [task-1] com.zaxxer.hikari.HikariDataSource       : HikariPool-1 - Starting...
2020-11-17 00:07:30.448  WARN 7020 --- [main] ConfigServletWebServerApplicationContext : Exception encountered during context initialization - cancelling refresh attempt: org.springframework.context.ApplicationContextException: Failed to start bean 'webServerStartStop'; nested exception is org.springframework.boot.web.server.PortInUseException: Port 8081 is already in use
2020-11-17 00:07:30.449  INFO 7020 --- [main] j.LocalContainerEntityManagerFactoryBean : Closing JPA EntityManagerFactory for persistence unit 'default'
2020-11-17 00:07:30.578  INFO 7020 --- [task-1] com.zaxxer.hikari.HikariDataSource       : HikariPool-1 - Start completed.
2020-11-17 00:07:30.590  INFO 7020 --- [task-1] org.hibernate.dialect.Dialect            : HHH000400: Using dialect: org.hibernate.dialect.MySQL5Dialect
2020-11-17 00:07:30.794  INFO 7020 --- [task-1] o.h.e.t.j.p.i.JtaPlatformInitiator       : HHH000490: Using JtaPlatform implementation: [org.hibernate.engine.transaction.jta.platform.internal.NoJtaPlatform]
2020-11-17 00:07:30.806  INFO 7020 --- [task-1] j.LocalContainerEntityManagerFactoryBean : Initialized JPA EntityManagerFactory for persistence unit 'default'
2020-11-17 00:07:30.809  INFO 7020 --- [main] o.s.s.concurrent.ThreadPoolTaskExecutor  : Shutting down ExecutorService 'applicationTaskExecutor'
2020-11-17 00:07:30.809  INFO 7020 --- [main] com.zaxxer.hikari.HikariDataSource       : HikariPool-1 - Shutdown initiated...
2020-11-17 00:07:30.815  INFO 7020 --- [main] com.zaxxer.hikari.HikariDataSource       : HikariPool-1 - Shutdown completed.
2020-11-17 00:07:30.818  INFO 7020 --- [main] o.apache.catalina.core.StandardService   : Stopping service [Tomcat]
2020-11-17 00:07:30.831  INFO 7020 --- [main] ConditionEvaluationReportLoggingListener : 

Error starting ApplicationContext. To display the conditions report re-run your application with 'debug' enabled.
2020-11-17 00:07:30.849 ERROR 7020 --- [main] o.s.b.d.LoggingFailureAnalysisReporter   : 

***************************
APPLICATION FAILED TO START
***************************

Description:

Web server failed to start. Port 8081 was already in use.

Action:

Identify and stop the process that's listening on port 8081 or configure this application to listen on another port.

2020-11-17 00:07:41.671  INFO 1664 --- [RMI TCP Connection(2)-127.0.0.1] inMXBeanRegistrar$SpringApplicationAdmin : Application shutdown requested.
2020-11-17 00:07:42.085  INFO 1664 --- [RMI TCP Connection(2)-127.0.0.1] j.LocalContainerEntityManagerFactoryBean : Closing JPA EntityManagerFactory for persistence unit 'default'
2020-11-17 00:07:42.087  INFO 1664 --- [RMI TCP Connection(2)-127.0.0.1] o.s.s.concurrent.ThreadPoolTaskExecutor  : Shutting down ExecutorService 'applicationTaskExecutor'
2020-11-17 00:07:42.088  INFO 1664 --- [RMI TCP Connection(2)-127.0.0.1] com.zaxxer.hikari.HikariDataSource       : HikariPool-1 - Shutdown initiated...
2020-11-17 00:07:42.095  INFO 1664 --- [RMI TCP Connection(2)-127.0.0.1] com.zaxxer.hikari.HikariDataSource       : HikariPool-1 - Shutdown completed.
2020-11-17 00:07:48.584  INFO 2448 --- [main] com.example.demo.TpcrudApplication       : Starting TpcrudApplication using Java 1.8.0_251 on DESKTOP-LEUUDI2 with PID 2448 (C:\Users\fedi\Documents\workspace-sts-3.8.4.RELEASE\tpcrud\target\classes started by fedi in C:\Users\fedi\Documents\workspace-sts-3.8.4.RELEASE\tpcrud)
2020-11-17 00:07:48.588  INFO 2448 --- [main] com.example.demo.TpcrudApplication       : No active profile set, falling back to default profiles: default
2020-11-17 00:07:49.262  INFO 2448 --- [main] .s.d.r.c.RepositoryConfigurationDelegate : Bootstrapping Spring Data JPA repositories in DEFERRED mode.
2020-11-17 00:07:49.277  INFO 2448 --- [main] .s.d.r.c.RepositoryConfigurationDelegate : Finished Spring Data repository scanning in 7 ms. Found 0 JPA repository interfaces.
2020-11-17 00:07:49.782  INFO 2448 --- [main] o.s.b.w.embedded.tomcat.TomcatWebServer  : Tomcat initialized with port(s): 8081 (http)
2020-11-17 00:07:49.793  INFO 2448 --- [main] o.apache.catalina.core.StandardService   : Starting service [Tomcat]
2020-11-17 00:07:49.793  INFO 2448 --- [main] org.apache.catalina.core.StandardEngine  : Starting Servlet engine: [Apache Tomcat/9.0.39]
2020-11-17 00:07:49.901  INFO 2448 --- [main] o.a.c.c.C.[.[localhost].[/SpringMVC]     : Initializing Spring embedded WebApplicationContext
2020-11-17 00:07:49.902  INFO 2448 --- [main] w.s.c.ServletWebServerApplicationContext : Root WebApplicationContext: initialization completed in 1253 ms
2020-11-17 00:07:50.068  INFO 2448 --- [main] o.s.s.concurrent.ThreadPoolTaskExecutor  : Initializing ExecutorService 'applicationTaskExecutor'
2020-11-17 00:07:50.106  INFO 2448 --- [task-1] o.hibernate.jpa.internal.util.LogHelper  : HHH000204: Processing PersistenceUnitInfo [name: default]
2020-11-17 00:07:50.140  WARN 2448 --- [main] JpaBaseConfiguration$JpaWebConfiguration : spring.jpa.open-in-view is enabled by default. Therefore, database queries may be performed during view rendering. Explicitly configure spring.jpa.open-in-view to disable this warning
2020-11-17 00:07:50.167  INFO 2448 --- [task-1] org.hibernate.Version                    : HHH000412: Hibernate ORM core version 5.4.23.Final
2020-11-17 00:07:50.311  INFO 2448 --- [task-1] o.hibernate.annotations.common.Version   : HCANN000001: Hibernate Commons Annotations {5.1.2.Final}
2020-11-17 00:07:50.429  INFO 2448 --- [task-1] com.zaxxer.hikari.HikariDataSource       : HikariPool-1 - Starting...
2020-11-17 00:07:50.594  INFO 2448 --- [main] o.s.b.w.embedded.tomcat.TomcatWebServer  : Tomcat started on port(s): 8081 (http) with context path '/SpringMVC'
2020-11-17 00:07:50.597  INFO 2448 --- [main] DeferredRepositoryInitializationListener : Triggering deferred initialization of Spring Data repositories…
2020-11-17 00:07:50.598  INFO 2448 --- [main] DeferredRepositoryInitializationListener : Spring Data repositories initialized!
2020-11-17 00:07:50.607  INFO 2448 --- [main] com.example.demo.TpcrudApplication       : Started TpcrudApplication in 2.467 seconds (JVM running for 3.496)
2020-11-17 00:07:50.725  INFO 2448 --- [task-1] com.zaxxer.hikari.HikariDataSource       : HikariPool-1 - Start completed.
2020-11-17 00:07:50.739  INFO 2448 --- [task-1] org.hibernate.dialect.Dialect            : HHH000400: Using dialect: org.hibernate.dialect.MySQL5Dialect
2020-11-17 00:07:50.943  INFO 2448 --- [task-1] o.h.e.t.j.p.i.JtaPlatformInitiator       : HHH000490: Using JtaPlatform implementation: [org.hibernate.engine.transaction.jta.platform.internal.NoJtaPlatform]
2020-11-17 00:07:50.954  INFO 2448 --- [task-1] j.LocalContainerEntityManagerFactoryBean : Initialized JPA EntityManagerFactory for persistence unit 'default'
2020-11-17 00:17:29.671  INFO 2448 --- [RMI TCP Connection(2)-127.0.0.1] inMXBeanRegistrar$SpringApplicationAdmin : Application shutdown requested.
2020-11-17 00:17:30.082  INFO 2448 --- [RMI TCP Connection(2)-127.0.0.1] j.LocalContainerEntityManagerFactoryBean : Closing JPA EntityManagerFactory for persistence unit 'default'
2020-11-17 00:17:30.089  INFO 2448 --- [RMI TCP Connection(2)-127.0.0.1] o.s.s.concurrent.ThreadPoolTaskExecutor  : Shutting down ExecutorService 'applicationTaskExecutor'
2020-11-17 00:17:30.090  INFO 2448 --- [RMI TCP Connection(2)-127.0.0.1] com.zaxxer.hikari.HikariDataSource       : HikariPool-1 - Shutdown initiated...
2020-11-17 00:17:30.108  INFO 2448 --- [RMI TCP Connection(2)-127.0.0.1] com.zaxxer.hikari.HikariDataSource       : HikariPool-1 - Shutdown completed.
